<?xml version='1.0' encoding='utf-8'?>
<coverage generated="1" clover="3.2.0">
  <project timestamp="1" name="high-b">
    <metrics statements="50" coveredstatements="45" conditionals="0" coveredconditionals="0" methods="5" coveredmethods="5" elements="55" coveredelements="50" complexity="0" packages="1" files="1" classes="1" />
  <file name="b.php"><line num="1" type="stmt" count="1" /><line num="2" type="stmt" count="1" /><line num="3" type="stmt" count="1" /><line num="4" type="stmt" count="1" /><line num="5" type="stmt" count="1" /><line num="6" type="stmt" count="1" /><line num="7" type="stmt" count="1" /><line num="8" type="stmt" count="1" /><line num="9" type="stmt" count="1" /><line num="10" type="stmt" count="1" /><line num="11" type="stmt" count="1" /><line num="12" type="stmt" count="1" /><line num="13" type="stmt" count="1" /><line num="14" type="stmt" count="1" /><line num="15" type="stmt" count="1" /><line num="16" type="stmt" count="1" /><line num="17" type="stmt" count="1" /><line num="18" type="stmt" count="1" /><line num="19" type="stmt" count="1" /><line num="20" type="stmt" count="1" /><line num="21" type="stmt" count="1" /><line num="22" type="stmt" count="1" /><line num="23" type="stmt" count="1" /><line num="24" type="stmt" count="1" /><line num="25" type="stmt" count="1" /><line num="26" type="stmt" count="1" /><line num="27" type="stmt" count="1" /><line num="28" type="stmt" count="1" /><line num="29" type="stmt" count="1" /><line num="30" type="stmt" count="1" /><line num="31" type="stmt" count="1" /><line num="32" type="stmt" count="1" /><line num="33" type="stmt" count="1" /><line num="34" type="stmt" count="1" /><line num="35" type="stmt" count="1" /><line num="36" type="stmt" count="1" /><line num="37" type="stmt" count="1" /><line num="38" type="stmt" count="1" /><line num="39" type="stmt" count="1" /><line num="40" type="stmt" count="1" /><line num="41" type="stmt" count="1" /><line num="42" type="stmt" count="1" /><line num="43" type="stmt" count="1" /><line num="44" type="stmt" count="1" /><line num="45" type="stmt" count="1" /><line num="46" type="stmt" count="0" /><line num="47" type="stmt" count="0" /><line num="48" type="stmt" count="0" /><line num="49" type="stmt" count="0" /><line num="50" type="stmt" count="0" /></file></project>
</coverage>